This is pdfTeX, Version 3.14159265-2.6-1.40.18 (TeX Live 2017/Debian) (preloaded format=pdflatex 2019.7.23)  23 JUL 2019 09:40
entering extended mode
 restricted \write18 enabled.
 %&-line parsing enabled.
**bare_conf.tex
(./bare_conf.tex
LaTeX2e <2017-04-15>
Babel <3.18> and hyphenation patterns for 3 language(s) loaded.
(./IEEEtran.cls
Document Class: IEEEtran 2015/08/26 V1.8b by Michael Shell
-- See the "IEEEtran_HOWTO" manual for usage information.
-- http://www.michaelshell.org/tex/ieeetran/
\@IEEEtrantmpdimenA=\dimen102
\@IEEEtrantmpdimenB=\dimen103
\@IEEEtrantmpdimenC=\dimen104
\@IEEEtrantmpcountA=\count79
\@IEEEtrantmpcountB=\count80
\@IEEEtrantmpcountC=\count81
\@IEEEtrantmptoksA=\toks14
LaTeX Font Info:    Try loading font information for OT1+ptm on input line 503.

(/usr/share/texlive/texmf-dist/tex/latex/psnfss/ot1ptm.fd
File: ot1ptm.fd 2001/06/04 font definitions for OT1/ptm.
)
-- Using 8.5in x 11in (letter) paper.
-- Using PDF output.
\@IEEEnormalsizeunitybaselineskip=\dimen105
-- This is a 10 point document.
\CLASSINFOnormalsizebaselineskip=\dimen106
\CLASSINFOnormalsizeunitybaselineskip=\dimen107
\IEEEnormaljot=\dimen108
LaTeX Font Info:    Font shape `OT1/ptm/bx/n' in size <5> not available
(Font)              Font shape `OT1/ptm/b/n' tried instead on input line 1090.
LaTeX Font Info:    Font shape `OT1/ptm/bx/it' in size <5> not available
(Font)              Font shape `OT1/ptm/b/it' tried instead on input line 1090.

LaTeX Font Info:    Font shape `OT1/ptm/bx/n' in size <7> not available
(Font)              Font shape `OT1/ptm/b/n' tried instead on input line 1090.
LaTeX Font Info:    Font shape `OT1/ptm/bx/it' in size <7> not available
(Font)              Font shape `OT1/ptm/b/it' tried instead on input line 1090.

LaTeX Font Info:    Font shape `OT1/ptm/bx/n' in size <8> not available
(Font)              Font shape `OT1/ptm/b/n' tried instead on input line 1090.
LaTeX Font Info:    Font shape `OT1/ptm/bx/it' in size <8> not available
(Font)              Font shape `OT1/ptm/b/it' tried instead on input line 1090.

LaTeX Font Info:    Font shape `OT1/ptm/bx/n' in size <9> not available
(Font)              Font shape `OT1/ptm/b/n' tried instead on input line 1090.
LaTeX Font Info:    Font shape `OT1/ptm/bx/it' in size <9> not available
(Font)              Font shape `OT1/ptm/b/it' tried instead on input line 1090.

LaTeX Font Info:    Font shape `OT1/ptm/bx/n' in size <10> not available
(Font)              Font shape `OT1/ptm/b/n' tried instead on input line 1090.
LaTeX Font Info:    Font shape `OT1/ptm/bx/it' in size <10> not available
(Font)              Font shape `OT1/ptm/b/it' tried instead on input line 1090.

LaTeX Font Info:    Font shape `OT1/ptm/bx/n' in size <11> not available
(Font)              Font shape `OT1/ptm/b/n' tried instead on input line 1090.
LaTeX Font Info:    Font shape `OT1/ptm/bx/it' in size <11> not available
(Font)              Font shape `OT1/ptm/b/it' tried instead on input line 1090.

LaTeX Font Info:    Font shape `OT1/ptm/bx/n' in size <12> not available
(Font)              Font shape `OT1/ptm/b/n' tried instead on input line 1090.
LaTeX Font Info:    Font shape `OT1/ptm/bx/it' in size <12> not available
(Font)              Font shape `OT1/ptm/b/it' tried instead on input line 1090.

LaTeX Font Info:    Font shape `OT1/ptm/bx/n' in size <17> not available
(Font)              Font shape `OT1/ptm/b/n' tried instead on input line 1090.
LaTeX Font Info:    Font shape `OT1/ptm/bx/it' in size <17> not available
(Font)              Font shape `OT1/ptm/b/it' tried instead on input line 1090.

LaTeX Font Info:    Font shape `OT1/ptm/bx/n' in size <20> not available
(Font)              Font shape `OT1/ptm/b/n' tried instead on input line 1090.
LaTeX Font Info:    Font shape `OT1/ptm/bx/it' in size <20> not available
(Font)              Font shape `OT1/ptm/b/it' tried instead on input line 1090.

LaTeX Font Info:    Font shape `OT1/ptm/bx/n' in size <24> not available
(Font)              Font shape `OT1/ptm/b/n' tried instead on input line 1090.
LaTeX Font Info:    Font shape `OT1/ptm/bx/it' in size <24> not available
(Font)              Font shape `OT1/ptm/b/it' tried instead on input line 1090.

\IEEEquantizedlength=\dimen109
\IEEEquantizedlengthdiff=\dimen110
\IEEEquantizedtextheightdiff=\dimen111
\IEEEilabelindentA=\dimen112
\IEEEilabelindentB=\dimen113
\IEEEilabelindent=\dimen114
\IEEEelabelindent=\dimen115
\IEEEdlabelindent=\dimen116
\IEEElabelindent=\dimen117
\IEEEiednormlabelsep=\dimen118
\IEEEiedmathlabelsep=\dimen119
\IEEEiedtopsep=\skip41
\c@section=\count82
\c@subsection=\count83
\c@subsubsection=\count84
\c@paragraph=\count85
\c@IEEEsubequation=\count86
\abovecaptionskip=\skip42
\belowcaptionskip=\skip43
\c@figure=\count87
\c@table=\count88
\@IEEEeqnnumcols=\count89
\@IEEEeqncolcnt=\count90
\@IEEEsubeqnnumrollback=\count91
\@IEEEquantizeheightA=\dimen120
\@IEEEquantizeheightB=\dimen121
\@IEEEquantizeheightC=\dimen122
\@IEEEquantizeprevdepth=\dimen123
\@IEEEquantizemultiple=\count92
\@IEEEquantizeboxA=\box26
\@IEEEtmpitemindent=\dimen124
\IEEEPARstartletwidth=\dimen125
\c@IEEEbiography=\count93
\@IEEEtranrubishbin=\box27
) (/usr/share/texlive/texmf-dist/tex/latex/graphics/graphicx.sty
Package: graphicx 2017/06/01 v1.1a Enhanced LaTeX Graphics (DPC,SPQR)

(/usr/share/texlive/texmf-dist/tex/latex/graphics/keyval.sty
Package: keyval 2014/10/28 v1.15 key=value parser (DPC)
\KV@toks@=\toks15
)
(/usr/share/texlive/texmf-dist/tex/latex/graphics/graphics.sty
Package: graphics 2017/06/25 v1.2c Standard LaTeX Graphics (DPC,SPQR)

(/usr/share/texlive/texmf-dist/tex/latex/graphics/trig.sty
Package: trig 2016/01/03 v1.10 sin cos tan (DPC)
)
(/usr/share/texlive/texmf-dist/tex/latex/graphics-cfg/graphics.cfg
File: graphics.cfg 2016/06/04 v1.11 sample graphics configuration
)
Package graphics Info: Driver file: pdftex.def on input line 99.

(/usr/share/texlive/texmf-dist/tex/latex/graphics-def/pdftex.def
File: pdftex.def 2018/01/08 v1.0l Graphics/color driver for pdftex
))
\Gin@req@height=\dimen126
\Gin@req@width=\dimen127
)
(/usr/share/texlive/texmf-dist/tex/latex/amsmath/amsmath.sty
Package: amsmath 2017/09/02 v2.17a AMS math features
\@mathmargin=\skip44

For additional information on amsmath, use the `?' option.
(/usr/share/texlive/texmf-dist/tex/latex/amsmath/amstext.sty
Package: amstext 2000/06/29 v2.01 AMS text

(/usr/share/texlive/texmf-dist/tex/latex/amsmath/amsgen.sty
File: amsgen.sty 1999/11/30 v2.0 generic functions
\@emptytoks=\toks16
\ex@=\dimen128
))
(/usr/share/texlive/texmf-dist/tex/latex/amsmath/amsbsy.sty
Package: amsbsy 1999/11/29 v1.2d Bold Symbols
\pmbraise@=\dimen129
)
(/usr/share/texlive/texmf-dist/tex/latex/amsmath/amsopn.sty
Package: amsopn 2016/03/08 v2.02 operator names
)
\inf@bad=\count94
LaTeX Info: Redefining \frac on input line 213.
\uproot@=\count95
\leftroot@=\count96
LaTeX Info: Redefining \overline on input line 375.
\classnum@=\count97
\DOTSCASE@=\count98
LaTeX Info: Redefining \ldots on input line 472.
LaTeX Info: Redefining \dots on input line 475.
LaTeX Info: Redefining \cdots on input line 596.
\Mathstrutbox@=\box28
\strutbox@=\box29
\big@size=\dimen130
LaTeX Font Info:    Redeclaring font encoding OML on input line 712.
LaTeX Font Info:    Redeclaring font encoding OMS on input line 713.
\macc@depth=\count99
\c@MaxMatrixCols=\count100
\dotsspace@=\muskip10
\c@parentequation=\count101
\dspbrk@lvl=\count102
\tag@help=\toks17
\row@=\count103
\column@=\count104
\maxfields@=\count105
\andhelp@=\toks18
\eqnshift@=\dimen131
\alignsep@=\dimen132
\tagshift@=\dimen133
\tagwidth@=\dimen134
\totwidth@=\dimen135
\lineht@=\dimen136
\@envbody=\toks19
\multlinegap=\skip45
\multlinetaggap=\skip46
\mathdisplay@stack=\toks20
LaTeX Info: Redefining \[ on input line 2817.
LaTeX Info: Redefining \] on input line 2818.
) (./bare_conf.aux)
\openout1 = `bare_conf.aux'.

LaTeX Font Info:    Checking defaults for OML/cmm/m/it on input line 64.
LaTeX Font Info:    ... okay on input line 64.
LaTeX Font Info:    Checking defaults for T1/cmr/m/n on input line 64.
LaTeX Font Info:    ... okay on input line 64.
LaTeX Font Info:    Checking defaults for OT1/cmr/m/n on input line 64.
LaTeX Font Info:    ... okay on input line 64.
LaTeX Font Info:    Checking defaults for OMS/cmsy/m/n on input line 64.
LaTeX Font Info:    ... okay on input line 64.
LaTeX Font Info:    Checking defaults for OMX/cmex/m/n on input line 64.
LaTeX Font Info:    ... okay on input line 64.
LaTeX Font Info:    Checking defaults for U/cmr/m/n on input line 64.
LaTeX Font Info:    ... okay on input line 64.
-- Lines per column: 56 (exact).
(/usr/share/texlive/texmf-dist/tex/context/base/mkii/supp-pdf.mkii
[Loading MPS to PDF converter (version 2006.09.02).]
\scratchcounter=\count106
\scratchdimen=\dimen137
\scratchbox=\box30
\nofMPsegments=\count107
\nofMParguments=\count108
\everyMPshowfont=\toks21
\MPscratchCnt=\count109
\MPscratchDim=\dimen138
\MPnumerator=\count110
\makeMPintoPDFobject=\count111
\everyMPtoPDFconversion=\toks22
) (/usr/share/texlive/texmf-dist/tex/latex/oberdiek/epstopdf-base.sty
Package: epstopdf-base 2016/05/15 v2.6 Base part for package epstopdf

(/usr/share/texlive/texmf-dist/tex/generic/oberdiek/infwarerr.sty
Package: infwarerr 2016/05/16 v1.4 Providing info/warning/error messages (HO)
)
(/usr/share/texlive/texmf-dist/tex/latex/oberdiek/grfext.sty
Package: grfext 2016/05/16 v1.2 Manage graphics extensions (HO)

(/usr/share/texlive/texmf-dist/tex/generic/oberdiek/kvdefinekeys.sty
Package: kvdefinekeys 2016/05/16 v1.4 Define keys (HO)

(/usr/share/texlive/texmf-dist/tex/generic/oberdiek/ltxcmds.sty
Package: ltxcmds 2016/05/16 v1.23 LaTeX kernel commands for general use (HO)
)))
(/usr/share/texlive/texmf-dist/tex/latex/oberdiek/kvoptions.sty
Package: kvoptions 2016/05/16 v3.12 Key value format for package options (HO)

(/usr/share/texlive/texmf-dist/tex/generic/oberdiek/kvsetkeys.sty
Package: kvsetkeys 2016/05/16 v1.17 Key value parser (HO)

(/usr/share/texlive/texmf-dist/tex/generic/oberdiek/etexcmds.sty
Package: etexcmds 2016/05/16 v1.6 Avoid name clashes with e-TeX commands (HO)

(/usr/share/texlive/texmf-dist/tex/generic/oberdiek/ifluatex.sty
Package: ifluatex 2016/05/16 v1.4 Provides the ifluatex switch (HO)
Package ifluatex Info: LuaTeX not detected.
)
Package etexcmds Info: Could not find \expanded.
(etexcmds)             That can mean that you are not using pdfTeX 1.50 or
(etexcmds)             that some package has redefined \expanded.
(etexcmds)             In the latter case, load this package earlier.
)))
(/usr/share/texlive/texmf-dist/tex/generic/oberdiek/pdftexcmds.sty
Package: pdftexcmds 2018/01/21 v0.26 Utility functions of pdfTeX for LuaTeX (HO
)

(/usr/share/texlive/texmf-dist/tex/generic/oberdiek/ifpdf.sty
Package: ifpdf 2017/03/15 v3.2 Provides the ifpdf switch
)
Package pdftexcmds Info: LuaTeX not detected.
Package pdftexcmds Info: \pdf@primitive is available.
Package pdftexcmds Info: \pdf@ifprimitive is available.
Package pdftexcmds Info: \pdfdraftmode found.
)
Package epstopdf-base Info: Redefining graphics rule for `.eps' on input line 4
38.
Package grfext Info: Graphics extension search list:
(grfext)             [.pdf,.png,.jpg,.mps,.jpeg,.jbig2,.jb2,.PDF,.PNG,.JPG,.JPE
G,.JBIG2,.JB2,.eps]
(grfext)             \AppendGraphicsExtensions on input line 456.

(/usr/share/texlive/texmf-dist/tex/latex/latexconfig/epstopdf-sys.cfg
File: epstopdf-sys.cfg 2010/07/13 v1.3 Configuration of (r)epstopdf for TeX Liv
e
))

LaTeX Warning: No \author given.


LaTeX Warning: No \author given.


LaTeX Warning: No \author given.

[1{/var/lib/texmf/fonts/map/pdftex/updmap/pdftex.map}


]
<../images/wrapper_method.png, id=9, 741.77126pt x 303.1325pt>
File: ../images/wrapper_method.png Graphic file (type png)
<use ../images/wrapper_method.png>
Package pdftex.def Info: ../images/wrapper_method.png  used on input line 207.
(pdftex.def)             Requested size: 222.5331pt x 90.94044pt.
 [2]
<../images/SVM_RFE_chart.png, id=15, 462.528pt x 346.896pt>
File: ../images/SVM_RFE_chart.png Graphic file (type png)
<use ../images/SVM_RFE_chart.png>
Package pdftex.def Info: ../images/SVM_RFE_chart.png  used on input line 232.
(pdftex.def)             Requested size: 231.26343pt x 173.44757pt.
<../images/WM_GA_SVM_acc_chart.png, id=16, 462.528pt x 346.896pt>
File: ../images/WM_GA_SVM_acc_chart.png Graphic file (type png)
<use ../images/WM_GA_SVM_acc_chart.png>
Package pdftex.def Info: ../images/WM_GA_SVM_acc_chart.png  used on input line 
240.
(pdftex.def)             Requested size: 231.26343pt x 173.44757pt.
<../images/WM_GA_SVM_feat_chart.png, id=17, 462.528pt x 346.896pt>
File: ../images/WM_GA_SVM_feat_chart.png Graphic file (type png)
<use ../images/WM_GA_SVM_feat_chart.png>
Package pdftex.def Info: ../images/WM_GA_SVM_feat_chart.png  used on input line
 246.
(pdftex.def)             Requested size: 231.26343pt x 173.44757pt.
<../images/feature_selection_time_comparison.png, id=18, 462.528pt x 346.896pt>

File: ../images/feature_selection_time_comparison.png Graphic file (type png)
<use ../images/feature_selection_time_comparison.png>
Package pdftex.def Info: ../images/feature_selection_time_comparison.png  used 
on input line 254.
(pdftex.def)             Requested size: 231.26343pt x 173.44757pt.

Underfull \vbox (badness 3514) has occurred while \output is active []

 [3 <../images/wrapper_method.png> <../images/SVM_RFE_chart.png> <../images/WM_
GA_SVM_acc_chart.png> <../images/WM_GA_SVM_feat_chart.png>]
<../images/03-evaluate-1_roc_chart.png, id=26, 462.528pt x 346.896pt>
File: ../images/03-evaluate-1_roc_chart.png Graphic file (type png)
<use ../images/03-evaluate-1_roc_chart.png>
Package pdftex.def Info: ../images/03-evaluate-1_roc_chart.png  used on input l
ine 272.
(pdftex.def)             Requested size: 231.26343pt x 173.44757pt.
<../images/03-evaluate-1_scores_chart.png, id=27, 462.528pt x 346.896pt>
File: ../images/03-evaluate-1_scores_chart.png Graphic file (type png)
<use ../images/03-evaluate-1_scores_chart.png>
Package pdftex.def Info: ../images/03-evaluate-1_scores_chart.png  used on inpu
t line 278.
(pdftex.def)             Requested size: 231.26343pt x 173.44757pt.
<../images/03-evaluate-3_roc_chart.png, id=28, 462.528pt x 346.896pt>
File: ../images/03-evaluate-3_roc_chart.png Graphic file (type png)
<use ../images/03-evaluate-3_roc_chart.png>
Package pdftex.def Info: ../images/03-evaluate-3_roc_chart.png  used on input l
ine 286.
(pdftex.def)             Requested size: 231.26343pt x 173.44757pt.
<../images/03-evaluate-3_scores_chart.png, id=29, 462.528pt x 346.896pt>
File: ../images/03-evaluate-3_scores_chart.png Graphic file (type png)
<use ../images/03-evaluate-3_scores_chart.png>
Package pdftex.def Info: ../images/03-evaluate-3_scores_chart.png  used on inpu
t line 292.
(pdftex.def)             Requested size: 231.26343pt x 173.44757pt.
<../images/03-evaluate-4_roc_chart.png, id=30, 462.528pt x 346.896pt>
File: ../images/03-evaluate-4_roc_chart.png Graphic file (type png)
<use ../images/03-evaluate-4_roc_chart.png>
Package pdftex.def Info: ../images/03-evaluate-4_roc_chart.png  used on input l
ine 300.
(pdftex.def)             Requested size: 231.26343pt x 173.44757pt.
 [4 <../images/feature_selection_time_comparison.png> <../images/03-evaluate-1_
roc_chart.png> <../images/03-evaluate-1_scores_chart.png> <../images/03-evaluat
e-3_roc_chart.png>]
<../images/03-evaluate-4_scores_chart.png, id=40, 462.528pt x 346.896pt>
File: ../images/03-evaluate-4_scores_chart.png Graphic file (type png)
<use ../images/03-evaluate-4_scores_chart.png>
Package pdftex.def Info: ../images/03-evaluate-4_scores_chart.png  used on inpu
t line 306.
(pdftex.def)             Requested size: 231.26343pt x 173.44757pt.
<../images/classification_time_comparison.png, id=41, 462.528pt x 346.896pt>
File: ../images/classification_time_comparison.png Graphic file (type png)
<use ../images/classification_time_comparison.png>
Package pdftex.def Info: ../images/classification_time_comparison.png  used on 
input line 314.
(pdftex.def)             Requested size: 231.26343pt x 173.44757pt.
<../images/visualize-dataset_tsne_pubchem_100.png, id=42, 462.528pt x 346.896pt
>
File: ../images/visualize-dataset_tsne_pubchem_100.png Graphic file (type png)
<use ../images/visualize-dataset_tsne_pubchem_100.png>
Package pdftex.def Info: ../images/visualize-dataset_tsne_pubchem_100.png  used
 on input line 326.
(pdftex.def)             Requested size: 231.26343pt x 173.44757pt.
<../images/visualize-dataset_tsne_herbaldb_expanded_100.png, id=43, 462.528pt x
 346.896pt>
File: ../images/visualize-dataset_tsne_herbaldb_expanded_100.png Graphic file (
type png)
<use ../images/visualize-dataset_tsne_herbaldb_expanded_100.png>
Package pdftex.def Info: ../images/visualize-dataset_tsne_herbaldb_expanded_100
.png  used on input line 332.
(pdftex.def)             Requested size: 231.26343pt x 173.44757pt.
 [5 <../images/03-evaluate-3_scores_chart.png> <../images/03-evaluate-4_roc_cha
rt.png> <../images/03-evaluate-4_scores_chart.png> <../images/classification_ti
me_comparison.png>] (./bare_conf.bbl)

** Conference Paper **
Before submitting the final camera ready copy, remember to:

 1. Manually equalize the lengths of two columns on the last page
 of your paper;

 2. Ensure that any PostScript and/or PDF output post-processing
 uses only Type 1 fonts and that every step in the generation
 process uses the appropriate paper size.

[6 <../images/visualize-dataset_tsne_pubchem_100.png> <../images/visualize-data
set_tsne_herbaldb_expanded_100.png>] (./bare_conf.aux) ) 
Here is how much of TeX's memory you used:
 3001 strings out of 494923
 48222 string characters out of 6180742
 117867 words of memory out of 5000000
 6279 multiletter control sequences out of 15000+600000
 37516 words of font info for 74 fonts, out of 8000000 for 9000
 17 hyphenation exceptions out of 8191
 41i,8n,25p,1144b,232s stack positions out of 5000i,500n,10000p,200000b,80000s
{/usr/share/texlive/tex
mf-dist/fonts/enc/dvips/base/8r.enc}</usr/share/texlive/texmf-dist/fonts/type1/
public/amsfonts/cm/cmmi10.pfb></usr/share/texlive/texmf-dist/fonts/type1/public
/amsfonts/cm/cmr10.pfb></usr/share/texlive/texmf-dist/fonts/type1/urw/times/utm
b8a.pfb></usr/share/texlive/texmf-dist/fonts/type1/urw/times/utmbi8a.pfb></usr/
share/texlive/texmf-dist/fonts/type1/urw/times/utmr8a.pfb></usr/share/texlive/t
exmf-dist/fonts/type1/urw/times/utmri8a.pfb>
Output written on bare_conf.pdf (6 pages, 447797 bytes).
PDF statistics:
 77 PDF objects out of 1000 (max. 8388607)
 34 compressed objects within 1 object stream
 0 named destinations out of 1000 (max. 500000)
 71 words of extra memory for PDF output out of 10000 (max. 10000000)

